<?xml version="1.0" encoding="UTF-8"?>
<!-- Generated by org.testng.reporters.JUnitReportReporter -->
<testsuite hostname="DESKTOP-6B5C5C0" failures="0" tests="1" name="com.herokuapp.theinternet.NegativePasswordTest" time="30.397" errors="0" timestamp="2024-02-18T17:42:02 IST" skipped="0">
  <testcase classname="com.herokuapp.theinternet.NegativePasswordTest" name="InvalidPassword" time="30.397"/>
</testsuite> <!-- com.herokuapp.theinternet.NegativePasswordTest -->
