<?xml version="1.0" encoding="UTF-8"?>
<!-- Generated by org.testng.reporters.JUnitReportReporter -->
<testsuite hostname="DESKTOP-6B5C5C0" failures="0" tests="2" name="com.herokuapp.theinternet.NegativeTests" time="74.899" errors="0" timestamp="2024-02-18T18:24:03 IST" skipped="0">
  <testcase classname="com.herokuapp.theinternet.NegativeTests" name="InvalidUsername" time="60.231"/>
  <testcase classname="com.herokuapp.theinternet.NegativeTests" name="InvalidPassword" time="14.668"/>
</testsuite> <!-- com.herokuapp.theinternet.NegativeTests -->
