<?xml version="1.0" encoding="UTF-8"?>
<!-- Generated by org.testng.reporters.JUnitReportReporter -->
<testsuite hostname="DESKTOP-6B5C5C0" failures="0" tests="1" name="com.herokuapp.theinternet.PositiveTests" time="34.264" errors="0" timestamp="2024-02-18T18:24:03 IST" skipped="0">
  <testcase classname="com.herokuapp.theinternet.PositiveTests" name="Login" time="34.264"/>
</testsuite> <!-- com.herokuapp.theinternet.PositiveTests -->
