<?xml version="1.0" encoding="UTF-8"?>
<!-- Generated by org.testng.reporters.JUnitReportReporter -->
<testsuite hostname="DESKTOP-6B5C5C0" failures="0" tests="1" name="com.herokuapp.theinternet.NegativeUsernameTest" time="20.052" errors="0" timestamp="2024-02-18T17:30:46 IST" skipped="0">
  <testcase classname="com.herokuapp.theinternet.NegativeUsernameTest" name="InvalidLogin" time="20.052"/>
</testsuite> <!-- com.herokuapp.theinternet.NegativeUsernameTest -->
